# JRE version: Java(TM) SE Runtime Environment (8.0_05-b13) (build 1.8.0_05-b13)
# Java VM: Java HotSpot(TM) 64-Bit Server VM (25.5-b02 mixed mode windows-amd64 compressed oops)
Heap:
 PSYoungGen      total 29184K, used 19874K [0x0000000780980000, 0x0000000783200000, 0x00000007c0000000)
  eden space 28160K, 70% used [0x0000000780980000,0x0000000781cd8910,0x0000000782500000)
  from space 1024K, 6% used [0x0000000782500000,0x0000000782510000,0x0000000782600000)
  to   space 1024K, 0% used [0x0000000783100000,0x0000000783100000,0x0000000783200000)
 ParOldGen       total 195072K, used 913K [0x0000000701c00000, 0x000000070da80000, 0x0000000780980000)
  object space 195072K, 0% used [0x0000000701c00000,0x0000000701ce45e8,0x000000070da80000)
 Metaspace       used 3539K, capacity 4612K, committed 4864K, reserved 1056768K
  class space    used 402K, capacity 428K, committed 512K, reserved 1048576K
GC Heap History (10 events):
Event: 0.462 GC heap before
{Heap before GC invocations=13 (full 0):
 PSYoungGen      total 11776K, used 10848K [0x0000000780980000, 0x0000000781600000, 0x00000007c0000000)
  eden space 10752K, 100% used [0x0000000780980000,0x0000000781400000,0x0000000781400000)
  from space 1024K, 9% used [0x0000000781500000,0x0000000781518000,0x0000000781600000)
  to   space 1024K, 0% used [0x0000000781400000,0x0000000781400000,0x0000000781500000)
 ParOldGen       total 195072K, used 849K [0x0000000701c00000, 0x000000070da80000, 0x0000000780980000)
  object space 195072K, 0% used [0x0000000701c00000,0x0000000701cd45e8,0x000000070da80000)
 Metaspace       used 3491K, capacity 4544K, committed 4864K, reserved 1056768K
  class space    used 399K, capacity 428K, committed 512K, reserved 1048576K
Event: 0.462 GC heap after
Heap after GC invocations=13 (full 0):
 PSYoungGen      total 11776K, used 64K [0x0000000780980000, 0x0000000781c80000, 0x00000007c0000000)
  eden space 10752K, 0% used [0x0000000780980000,0x0000000780980000,0x0000000781400000)
  from space 1024K, 6% used [0x0000000781400000,0x0000000781410000,0x0000000781500000)
  to   space 1024K, 0% used [0x0000000781b80000,0x0000000781b80000,0x0000000781c80000)
 ParOldGen       total 195072K, used 865K [0x0000000701c00000, 0x000000070da80000, 0x0000000780980000)
  object space 195072K, 0% used [0x0000000701c00000,0x0000000701cd85e8,0x000000070da80000)
 Metaspace       used 3491K, capacity 4544K, committed 4864K, reserved 1056768K
  class space    used 399K, capacity 428K, committed 512K, reserved 1048576K
}
Event: 0.473 GC heap before
{Heap before GC invocations=14 (full 0):
 PSYoungGen      total 11776K, used 10816K [0x0000000780980000, 0x0000000781c80000, 0x00000007c0000000)
  eden space 10752K, 100% used [0x0000000780980000,0x0000000781400000,0x0000000781400000)
  from space 1024K, 6% used [0x0000000781400000,0x0000000781410000,0x0000000781500000)
  to   space 1024K, 0% used [0x0000000781b80000,0x0000000781b80000,0x0000000781c80000)
 ParOldGen       total 195072K, used 865K [0x0000000701c00000, 0x000000070da80000, 0x0000000780980000)
  object space 195072K, 0% used [0x0000000701c00000,0x0000000701cd85e8,0x000000070da80000)
 Metaspace       used 3491K, capacity 4544K, committed 4864K, reserved 1056768K
  class space    used 399K, capacity 428K, committed 512K, reserved 1048576K
Event: 0.473 GC heap after
Heap after GC invocations=14 (full 0):
 PSYoungGen      total 18432K, used 96K [0x0000000780980000, 0x0000000781c80000, 0x00000007c0000000)
  eden space 17408K, 0% used [0x0000000780980000,0x0000000780980000,0x0000000781a80000)
  from space 1024K, 9% used [0x0000000781b80000,0x0000000781b98000,0x0000000781c80000)
  to   space 1024K, 0% used [0x0000000781a80000,0x0000000781a80000,0x0000000781b80000)
 ParOldGen       total 195072K, used 889K [0x0000000701c00000, 0x000000070da80000, 0x0000000780980000)
  object space 195072K, 0% used [0x0000000701c00000,0x0000000701cde5e8,0x000000070da80000)
 Metaspace       used 3491K, capacity 4544K, committed 4864K, reserved 1056768K
  class space    used 399K, capacity 428K, committed 512K, reserved 1048576K
}
Event: 0.496 GC heap before
{Heap before GC invocations=15 (full 0):
 PSYoungGen      total 18432K, used 17504K [0x0000000780980000, 0x0000000781c80000, 0x00000007c0000000)
  eden space 17408K, 100% used [0x0000000780980000,0x0000000781a80000,0x0000000781a80000)
  from space 1024K, 9% used [0x0000000781b80000,0x0000000781b98000,0x0000000781c80000)
  to   space 1024K, 0% used [0x0000000781a80000,0x0000000781a80000,0x0000000781b80000)
 ParOldGen       total 195072K, used 889K [0x0000000701c00000, 0x000000070da80000, 0x0000000780980000)
  object space 195072K, 0% used [0x0000000701c00000,0x0000000701cde5e8,0x000000070da80000)
 Metaspace       used 3491K, capacity 4544K, committed 4864K, reserved 1056768K
  class space    used 399K, capacity 428K, committed 512K, reserved 1048576K
Event: 0.497 GC heap after
Heap after GC invocations=15 (full 0):
 PSYoungGen      total 18432K, used 96K [0x0000000780980000, 0x0000000782700000, 0x00000007c0000000)
  eden space 17408K, 0% used [0x0000000780980000,0x0000000780980000,0x0000000781a80000)
  from space 1024K, 9% used [0x0000000781a80000,0x0000000781a98000,0x0000000781b80000)
  to   space 1024K, 0% used [0x0000000782600000,0x0000000782600000,0x0000000782700000)
 ParOldGen       total 195072K, used 897K [0x0000000701c00000, 0x000000070da80000, 0x0000000780980000)
  object space 195072K, 0% used [0x0000000701c00000,0x0000000701ce05e8,0x000000070da80000)
 Metaspace       used 3491K, capacity 4544K, committed 4864K, reserved 1056768K
  class space    used 399K, capacity 428K, committed 512K, reserved 1048576K
}
Event: 0.513 GC heap before
{Heap before GC invocations=16 (full 0):
 PSYoungGen      total 18432K, used 17504K [0x0000000780980000, 0x0000000782700000, 0x00000007c0000000)
  eden space 17408K, 100% used [0x0000000780980000,0x0000000781a80000,0x0000000781a80000)
  from space 1024K, 9% used [0x0000000781a80000,0x0000000781a98000,0x0000000781b80000)
  to   space 1024K, 0% used [0x0000000782600000,0x0000000782600000,0x0000000782700000)
 ParOldGen       total 195072K, used 897K [0x0000000701c00000, 0x000000070da80000, 0x0000000780980000)
  object space 195072K, 0% used [0x0000000701c00000,0x0000000701ce05e8,0x000000070da80000)
 Metaspace       used 3491K, capacity 4544K, committed 4864K, reserved 1056768K
  class space    used 399K, capacity 428K, committed 512K, reserved 1048576K
Event: 0.514 GC heap after
Heap after GC invocations=16 (full 0):
 PSYoungGen      total 29184K, used 64K [0x0000000780980000, 0x0000000782700000, 0x00000007c0000000)
  eden space 28160K, 0% used [0x0000000780980000,0x0000000780980000,0x0000000782500000)
  from space 1024K, 6% used [0x0000000782600000,0x0000000782610000,0x0000000782700000)
  to   space 1024K, 0% used [0x0000000782500000,0x0000000782500000,0x0000000782600000)
 ParOldGen       total 195072K, used 905K [0x0000000701c00000, 0x000000070da80000, 0x0000000780980000)
  object space 195072K, 0% used [0x0000000701c00000,0x0000000701ce25e8,0x000000070da80000)
 Metaspace       used 3491K, capacity 4544K, committed 4864K, reserved 1056768K
  class space    used 399K, capacity 428K, committed 512K, reserved 1048576K
}
Event: 0.548 GC heap before
{Heap before GC invocations=17 (full 0):
 PSYoungGen      total 29184K, used 28224K [0x0000000780980000, 0x0000000782700000, 0x00000007c0000000)
  eden space 28160K, 100% used [0x0000000780980000,0x0000000782500000,0x0000000782500000)
  from space 1024K, 6% used [0x0000000782600000,0x0000000782610000,0x0000000782700000)
  to   space 1024K, 0% used [0x0000000782500000,0x0000000782500000,0x0000000782600000)
 ParOldGen       total 195072K, used 905K [0x0000000701c00000, 0x000000070da80000, 0x0000000780980000)
  object space 195072K, 0% used [0x0000000701c00000,0x0000000701ce25e8,0x000000070da80000)
 Metaspace       used 3491K, capacity 4544K, committed 4864K, reserved 1056768K
  class space    used 399K, capacity 428K, committed 512K, reserved 1048576K
Event: 0.548 GC heap after
Heap after GC invocations=17 (full 0):
 PSYoungGen      total 29184K, used 64K [0x0000000780980000, 0x0000000783200000, 0x00000007c0000000)
  eden space 28160K, 0% used [0x0000000780980000,0x0000000780980000,0x0000000782500000)
  from space 1024K, 6% used [0x0000000782500000,0x0000000782510000,0x0000000782600000)
  to   space 1024K, 0% used [0x0000000783100000,0x0000000783100000,0x0000000783200000)
 ParOldGen       total 195072K, used 913K [0x0000000701c00000, 0x000000070da80000, 0x0000000780980000)
  object space 195072K, 0% used [0x0000000701c00000,0x0000000701ce45e8,0x000000070da80000)
 Metaspace       used 3491K, capacity 4544K, committed 4864K, reserved 1056768K
  class space    used 399K, capacity 428K, committed 512K, reserved 1048576K
}

